C:\USERS\IT306\DESKTOP\GAME\DEBUG\GAME.EXE
C:\USERS\IT306\DESKTOP\GAME\DEBUG\GAME.EXE.MANIFEST
C:\USERS\IT306\DESKTOP\GAME\DEBUG\GAME.ILK
C:\USERS\IT306\DESKTOP\GAME\DEBUG\GAME.PDB
C:\USERS\IT306\DESKTOP\GAME\GAME\DEBUG\BLOCK.OBJ
C:\Users\IT306\Desktop\game\game\Debug\cl.command.1.tlog
C:\Users\IT306\Desktop\game\game\Debug\CL.read.1.tlog
C:\Users\IT306\Desktop\game\game\Debug\CL.write.1.tlog
C:\USERS\IT306\DESKTOP\GAME\GAME\DEBUG\DISPLAY.OBJ
C:\USERS\IT306\DESKTOP\GAME\GAME\DEBUG\GAME.EXE.INTERMEDIATE.MANIFEST
C:\Users\IT306\Desktop\game\game\Debug\game.write.1.tlog
C:\USERS\IT306\DESKTOP\GAME\GAME\DEBUG\GETKEY.OBJ
C:\USERS\IT306\DESKTOP\GAME\GAME\DEBUG\GOTOXY.OBJ
C:\USERS\IT306\DESKTOP\GAME\GAME\DEBUG\INIT.OBJ
C:\Users\IT306\Desktop\game\game\Debug\link.command.1.tlog
C:\Users\IT306\Desktop\game\game\Debug\link.read.1.tlog
C:\Users\IT306\Desktop\game\game\Debug\link.write.1.tlog
C:\USERS\IT306\DESKTOP\GAME\GAME\DEBUG\MAIN.OBJ
C:\Users\IT306\Desktop\game\game\Debug\mt.command.1.tlog
C:\Users\IT306\Desktop\game\game\Debug\mt.read.1.tlog
C:\Users\IT306\Desktop\game\game\Debug\mt.write.1.tlog
C:\Users\IT306\Desktop\game\game\Debug\vc100.idb
C:\USERS\IT306\DESKTOP\GAME\GAME\DEBUG\VC100.PDB
